2025-01-22 20:50:09,527 - INFO - Dash is running on http://127.0.0.1:27451/

2025-01-22 20:50:18,153 - INFO - 開始計算多期指標
2025-01-22 20:50:18,153 - INFO - 分析截止日期: 2025-01-22 00:00:00
2025-01-22 20:50:18,157 - INFO - 分析股票清單: ['2412', '^TWII', '2330', '00713', '006208']
2025-01-22 20:50:18,159 - WARNING - 檔案不存在: C:\Stock_reserach\StockViewer_2\modlus\DL\2412\2412_price.csv
2025-01-22 20:50:18,159 - WARNING - 檔案不存在: C:\Stock_reserach\StockViewer_2\modlus\DL\^TWII\^TWII_price.csv
2025-01-22 20:50:18,160 - WARNING - 檔案不存在: C:\Stock_reserach\StockViewer_2\modlus\DL\2330\2330_price.csv
2025-01-22 20:50:18,160 - WARNING - 檔案不存在: C:\Stock_reserach\StockViewer_2\modlus\DL\00713\00713_price.csv
2025-01-22 20:50:18,161 - WARNING - 檔案不存在: C:\Stock_reserach\StockViewer_2\modlus\DL\006208\006208_price.csv
2025-01-22 20:50:18,161 - WARNING - 無可用數據計算多期指標
2025-01-22 20:50:18,898 - INFO - 開始繪製累積報酬圖
2025-01-22 20:50:18,898 - INFO - 分析期間: 2010-01-01 00:00:00 至 2025-01-22 00:00:00
2025-01-22 20:50:18,899 - INFO - 分析股票清單: ['2412', '^TWII', '2330', '00713', '006208']
2025-01-22 20:50:18,901 - WARNING - 檔案不存在: C:\Stock_reserach\StockViewer_2\modlus\DL\2412\2412_price.csv
2025-01-22 20:50:18,903 - WARNING - 檔案不存在: C:\Stock_reserach\StockViewer_2\modlus\DL\^TWII\^TWII_price.csv
2025-01-22 20:50:18,905 - WARNING - 檔案不存在: C:\Stock_reserach\StockViewer_2\modlus\DL\2330\2330_price.csv
2025-01-22 20:50:18,906 - WARNING - 檔案不存在: C:\Stock_reserach\StockViewer_2\modlus\DL\00713\00713_price.csv
2025-01-22 20:50:18,906 - WARNING - 檔案不存在: C:\Stock_reserach\StockViewer_2\modlus\DL\006208\006208_price.csv
2025-01-22 20:53:10,811 - INFO - 開始計算多期指標
2025-01-22 20:53:10,812 - INFO - 分析截止日期: 2025-01-22 00:00:00
2025-01-22 20:53:10,812 - INFO - 分析股票清單: ['2412', '^TWII', '2330', '00713', '006208']
2025-01-22 20:53:11,092 - INFO - 完成計算: 2412
2025-01-22 20:53:11,368 - INFO - 完成計算: ^TWII
2025-01-22 20:53:11,644 - INFO - 完成計算: 2330
2025-01-22 20:53:11,646 - INFO - 開始繪製累積報酬圖
2025-01-22 20:53:11,647 - INFO - 分析期間: 2010-01-01 00:00:00 至 2025-01-22 00:00:00
2025-01-22 20:53:11,647 - INFO - 分析股票清單: ['2412', '^TWII', '2330', '00713', '006208']
2025-01-22 20:53:11,845 - INFO - 完成計算: 00713
2025-01-22 20:53:12,078 - INFO - 完成計算: 006208
2025-01-22 20:53:12,386 - INFO - 開始計算多期指標
2025-01-22 20:53:12,394 - INFO - 分析截止日期: 2025-01-22 00:00:00
2025-01-22 20:53:12,405 - INFO - 分析股票清單: ['2412', '^TWII', '2330', '00713', '006208']
2025-01-22 20:53:12,717 - INFO - 完成計算: 2412
2025-01-22 20:53:13,019 - INFO - 完成計算: ^TWII
2025-01-22 20:53:13,343 - INFO - 完成計算: 2330
2025-01-22 20:53:13,507 - INFO - 完成計算: 00713
2025-01-22 20:53:13,743 - INFO - 完成計算: 006208
2025-01-22 20:58:01,146 - INFO - 開始計算多期指標
2025-01-22 20:58:01,146 - INFO - 分析截止日期: 2025-01-22 00:00:00
2025-01-22 20:58:01,147 - INFO - 分析股票清單: ['2412', '^TWII', '2330', '00713', '006208']
2025-01-22 20:58:01,439 - INFO - 完成計算: 2412
2025-01-22 20:58:01,715 - INFO - 完成計算: ^TWII
2025-01-22 20:58:01,975 - INFO - 完成計算: 2330
2025-01-22 20:58:02,120 - INFO - 完成計算: 00713
2025-01-22 20:58:02,316 - INFO - 完成計算: 006208
2025-01-22 21:49:31,032 - INFO - Dash is running on http://127.0.0.1:27451/

2025-01-22 22:38:05,338 - INFO - Dash is running on http://127.0.0.1:27451/

2025-01-22 22:48:32,041 - INFO - Dash is running on http://127.0.0.1:27451/

2025-01-22 23:09:16,012 - INFO - Dash is running on http://127.0.0.1:27451/

2025-01-22 23:13:48,272 - INFO - 開始計算多期指標
2025-01-22 23:13:48,273 - INFO - 分析截止日期: 2025-01-22 00:00:00
2025-01-22 23:13:48,274 - INFO - 分析股票清單: ['2412', '^TWII', '2330', '00713', '006208']
2025-01-22 23:13:48,554 - INFO - 完成計算: 2412
2025-01-22 23:13:48,819 - INFO - 完成計算: ^TWII
2025-01-22 23:13:49,082 - INFO - 完成計算: 2330
2025-01-22 23:13:49,223 - INFO - 完成計算: 00713
2025-01-22 23:13:49,407 - INFO - 完成計算: 006208
2025-01-22 23:32:18,153 - INFO - Dash is running on http://127.0.0.1:27451/

2025-01-23 00:32:19,941 - INFO - Dash is running on http://127.0.0.1:27451/

2025-01-23 00:39:18,284 - INFO - 開始計算多期指標
2025-01-23 00:39:18,284 - INFO - 分析截止日期: 2025-01-23 00:00:00
2025-01-23 00:39:18,286 - INFO - 分析股票清單: ['2412', '^TWII', '2330', '00713', '006208']
2025-01-23 00:39:18,553 - INFO - 完成計算: 2412
2025-01-23 00:39:18,804 - INFO - 完成計算: ^TWII
2025-01-23 00:39:19,045 - INFO - 完成計算: 2330
2025-01-23 00:39:19,172 - INFO - 完成計算: 00713
2025-01-23 00:39:19,339 - INFO - 完成計算: 006208
